start
Emailing...
To: striderstrahan@gmail.com
Subject: Expired Tickets for production 1
Message follows:
Expired booking number 22.
User test with 3 seats expired for performance 2009-09-22: Opening Night
The deadline was at 2009-09-11 21:08:20

Emailing...
To: striderstrahan@gmail.com
Subject: Expired Tickets for production 1
Message follows:
Expired booking number 3.
User test with 13 seats expired for performance 2009-09-23: Second show night
The deadline was at 2009-08-31 17:05:27

Expired booking number 5.
User Matthew with 6 seats expired for performance 2009-09-23: Second show night
The deadline was at 2009-09-02 00:12:07

Expired booking number 12.
User meowgan with 3 seats expired for performance 2009-09-23: Second show night
The deadline was at 2009-09-07 23:54:51

Expired booking number 13.
User test with 18 seats expired for performance 2009-09-23: Second show night
The deadline was at 2009-09-09 22:07:32

Expired booking number 14.
User Stuart Robinson with 9 seats expired for performance 2009-09-23: Second show night
The deadline was at 2009-09-09 22:18:25

Expired booking number 23.
User test with 2 seats expired for performance 2009-09-23: Second show night
The deadline was at 2009-09-11 21:11:39

Emailing...
To: striderstrahan@gmail.com
Subject: Expired Tickets for production 1
Message follows:
Expired booking number 1.
User test with 3 seats expired for performance 2009-09-22: Opening Night
The deadline was at 2009-09-13 20:54:14

Expired booking number 7.
User Chung with 12 seats expired for performance 2009-09-22: Opening Night
The deadline was at 2009-09-13 10:10:24

Expired booking number 9.
User test with 27 seats expired for performance 2009-09-22: Opening Night
The deadline was at 2009-09-15 23:57:41

Expired booking number 10.
User Chung with 11 seats expired for performance 2009-09-23: Second show night
The deadline was at 2009-09-13 09:41:17

Expired booking number 13.
User test with 10 seats expired for performance 2009-09-23: Second show night
The deadline was at 2009-09-15 23:59:18

Expired booking number 27.
User Chung with 3 seats expired for performance 2009-09-23: Second show night
The deadline was at 2009-09-12 21:36:49

Expired booking number 28.
User Chung with 6 seats expired for performance 2009-09-22: Opening Night
The deadline was at 2009-09-13 10:10:23

Expired booking number 29.
User tester with 4 seats expired for performance 2009-09-22: Opening Night
The deadline was at 2009-09-13 11:15:56

Expired booking number 32.
User tester with 4 seats expired for performance 2009-09-22: Opening Night
The deadline was at 2009-09-13 22:30:55

Expired booking number 33.
User tester with 4 seats expired for performance 2009-09-22: Opening Night
The deadline was at 2009-09-14 15:09:01

Expired booking number 34.
User tester with 4 seats expired for performance 2009-09-22: Opening Night
The deadline was at 2009-09-14 18:28:11

Expired booking number 35.
User tester with 2 seats expired for performance 2009-09-22: Opening Night
The deadline was at 2009-09-14 18:34:30

Expired booking number 37.
User ms with 3 seats expired for performance 2009-09-22: Opening Night
The deadline was at 2009-09-14 19:01:52

Expired booking number 38.
User test with 2 seats expired for performance 2009-09-22: Opening Night
The deadline was at 2009-09-15 11:28:21

Expired booking number 39.
User test with 2 seats expired for performance 2009-09-22: Opening Night
The deadline was at 2009-09-15 11:32:34

Expired booking number 41.
User test with 3 seats expired for performance 2009-09-22: Opening Night
The deadline was at 2009-09-15 11:35:05

Expired booking number 42.
User test with 3 seats expired for performance 2009-09-22: Opening Night
The deadline was at 2009-09-15 11:36:21

Expired booking number 43.
User test with 2 seats expired for performance 2009-09-22: Opening Night
The deadline was at 2009-09-17 11:36:07

Expired booking number 45.
User tester with 5 seats expired for performance 2009-09-22: Opening Night
The deadline was at 2009-09-16 18:00:12

Emailing...
To: MARIE@MARIECASSAR.COM
Subject: Expired Tickets for Law Revue 2012: Lying King
Message follows:
Expired booking number 5284.
User Marie Cassar with 2 seats expired for performance 2012-08-29: Second Night
The deadline was at 2012-08-23 17:17:54

Emailing...
To: DYLANWEISZ123@HOTMAIL.COM
Subject: Expired Tickets for Law Revue 2012: Lying King
Message follows:
Expired booking number 5288.
User Dylan Weisz with 1 seats expired for performance 2012-08-30: Third Night
The deadline was at 2012-08-23 19:34:27

Emailing...
To: SEEMY.HO@GMAIL.COM
Subject: Expired Tickets for Law Revue 2012: Lying King
Message follows:
Expired booking number 5289.
User Samantha Ho with 15 seats expired for performance 2012-08-28: Opening Night
The deadline was at 2012-08-23 20:27:00

Emailing...
To: SEEMY.HO@GMAIL.COM
Subject: Expired Tickets for Law Revue 2012: Lying King
Message follows:
Expired booking number 5293.
User Samantha Ho with 42 seats expired for performance 2012-08-30: Third Night
The deadline was at 2012-08-24 01:35:57

Emailing...
To: RAZEEN.AHMED@GMAIL.COM
Subject: Expired Tickets for Law Revue 2012: Lying King
Message follows:
Expired booking number 5298.
User Raz Ahmed with 14 seats expired for performance 2012-08-28: Opening Night
The deadline was at 2012-08-24 12:11:43

Emailing...
To: MRITHULA.SHANKER@GMAIL.COM
Subject: Expired Tickets for Law Revue 2012: Lying King
Message follows:
Expired booking number 5299.
User Mrith Shanker with 12 seats expired for performance 2012-08-30: Third Night
The deadline was at 2012-08-24 12:13:47

Emailing...
To: TAN.MINAN@GMAIL.COM
Subject: Expired Tickets for Law Revue 2012: Lying King
Message follows:
Expired booking number 5303.
User Min an with 17 seats expired for performance 2012-08-30: Third Night
The deadline was at 0000-00-00 00:00:00

Emailing...
To: SOPHIA@INTEGRATOS.COM.AU
Subject: Expired Tickets for Law Revue 2012: Lying King
Message follows:
Expired booking number 5307.
User Sophia  Hatzis with 3 seats expired for performance 2012-08-30: Third Night
The deadline was at 2012-08-24 13:46:06

Emailing...
To: SOPHIA@INTEGRATOS.COM.AU
Subject: Expired Tickets for Law Revue 2012: Lying King
Message follows:
Expired booking number 5309.
User Sophia  Hatzis with 3 seats expired for performance 2012-08-28: Opening Night
The deadline was at 2012-08-24 13:47:52

Emailing...
To: DDWATT@OPTUSNET.COM.AU
Subject: Expired Tickets for Law Revue 2012: Lying King
Message follows:
Expired booking number 5335.
User David Watters with 2 seats expired for performance 2012-08-31: Final Night
The deadline was at 2012-08-24 16:47:29

Emailing...
To: MS@SECURUSGLOBAL.COM
Subject: Expired Tickets for Law Revue 2012: Lying King
Message follows:
Expired booking number 5338.
User Matthew Strahan with 2 seats expired for performance 2012-08-31: Final Night
The deadline was at 2012-08-24 17:09:10

Emailing...
To: PINKYABIZZZ_IRENE@HOTMAIL.COM
Subject: Expired Tickets for Law Revue 2012: Lying King
Message follows:
Expired booking number 5349.
User Irene Susanto with 1 seats expired for performance 2012-08-30: Third Night
The deadline was at 2012-08-25 11:50:48

Emailing...
To: NGOCT91@GMAIL.COM
Subject: Expired Tickets for Law Revue 2012: Lying King
Message follows:
Expired booking number 5350.
User Ngoc Tran with 1 seats expired for performance 2012-08-29: Second Night
The deadline was at 2012-08-25 12:26:13

Emailing...
To: H.YU.TING.NG@GMAIL.COM
Subject: Expired Tickets for Law Revue 2012: Lying King
Message follows:
Expired booking number 5360.
User Yu Ng with 3 seats expired for performance 2012-08-28: Opening Night
The deadline was at 2012-08-26 00:54:34

Emailing...
To: VONJEH@GMAIL.COM
Subject: Expired Tickets for Law Revue 2012: Lying King
Message follows:
Expired booking number 5365.
User Yvonne Young with 22 seats expired for performance 2012-08-30: Third Night
The deadline was at 2012-08-26 14:09:44

Emailing...
To: FELICIA.ASMIN@YAHOO.COM
Subject: Expired Tickets for Law Revue 2012: Lying King
Message follows:
Expired booking number 5372.
User Felicia Asmin with 5 seats expired for performance 2012-08-30: Third Night
The deadline was at 2012-08-26 18:37:04

Emailing...
To: VIDHYA_KARNA@HOTMAIL.COM
Subject: Expired Tickets for Law Revue 2012: Lying King
Message follows:
Expired booking number 5373.
User Vidhya Karnamadakala with 1 seats expired for performance 2012-08-31: Final Night
The deadline was at 2012-08-26 19:58:24

Emailing...
To: MANORAJ1990@HOTMAIL.COM
Subject: Expired Tickets for Law Revue 2012: Lying King
Message follows:
Expired booking number 5376.
User Mano Karthigeyan with 2 seats expired for performance 2012-08-28: Opening Night
The deadline was at 2012-08-26 21:28:09

Emailing...
To: RAZORICE@GMAIL.COM
Subject: Expired Tickets for CSE Revue 2012: Codebusters
Message follows:
Expired booking number 5379.
User Dan Padilha with 14 seats expired for performance 2012-09-25: Opening Night
The deadline was at 2012-08-26 14:00:00

Emailing...
To: MARIE@MARIECASSAR.COM
Subject: Expired Tickets for Law Revue 2012: Lying King
Message follows:
Expired booking number 5284.
User Marie Cassar with 2 seats expired for performance 2012-08-29: Second Night
The deadline was at 2012-08-23 17:17:54

Emailing...
To: DYLANWEISZ123@HOTMAIL.COM
Subject: Expired Tickets for Law Revue 2012: Lying King
Message follows:
Expired booking number 5288.
User Dylan Weisz with 1 seats expired for performance 2012-08-30: Third Night
The deadline was at 2012-08-23 19:34:27

Emailing...
To: SEEMY.HO@GMAIL.COM
Subject: Expired Tickets for Law Revue 2012: Lying King
Message follows:
Expired booking number 5289.
User Samantha Ho with 15 seats expired for performance 2012-08-28: Opening Night
The deadline was at 2012-08-23 20:27:00

Emailing...
To: SEEMY.HO@GMAIL.COM
Subject: Expired Tickets for Law Revue 2012: Lying King
Message follows:
Expired booking number 5293.
User Samantha Ho with 42 seats expired for performance 2012-08-30: Third Night
The deadline was at 2012-08-24 01:35:57

Emailing...
To: RAZEEN.AHMED@GMAIL.COM
Subject: Expired Tickets for Law Revue 2012: Lying King
Message follows:
Expired booking number 5298.
User Raz Ahmed with 14 seats expired for performance 2012-08-28: Opening Night
The deadline was at 2012-08-24 12:11:43

Emailing...
To: MRITHULA.SHANKER@GMAIL.COM
Subject: Expired Tickets for Law Revue 2012: Lying King
Message follows:
Expired booking number 5299.
User Mrith Shanker with 12 seats expired for performance 2012-08-30: Third Night
The deadline was at 2012-08-24 12:13:47

Emailing...
To: TAN.MINAN@GMAIL.COM
Subject: Expired Tickets for Law Revue 2012: Lying King
Message follows:
Expired booking number 5303.
User Min an with 17 seats expired for performance 2012-08-30: Third Night
The deadline was at 0000-00-00 00:00:00

Emailing...
To: SOPHIA@INTEGRATOS.COM.AU
Subject: Expired Tickets for Law Revue 2012: Lying King
Message follows:
Expired booking number 5307.
User Sophia  Hatzis with 3 seats expired for performance 2012-08-30: Third Night
The deadline was at 2012-08-24 13:46:06

Emailing...
To: SOPHIA@INTEGRATOS.COM.AU
Subject: Expired Tickets for Law Revue 2012: Lying King
Message follows:
Expired booking number 5309.
User Sophia  Hatzis with 3 seats expired for performance 2012-08-28: Opening Night
The deadline was at 2012-08-24 13:47:52

Emailing...
To: DDWATT@OPTUSNET.COM.AU
Subject: Expired Tickets for Law Revue 2012: Lying King
Message follows:
Expired booking number 5335.
User David Watters with 2 seats expired for performance 2012-08-31: Final Night
The deadline was at 2012-08-24 16:47:29

Emailing...
To: MS@SECURUSGLOBAL.COM
Subject: Expired Tickets for Law Revue 2012: Lying King
Message follows:
Expired booking number 5338.
User Matthew Strahan with 2 seats expired for performance 2012-08-31: Final Night
The deadline was at 2012-08-24 17:09:10

Emailing...
To: PINKYABIZZZ_IRENE@HOTMAIL.COM
Subject: Expired Tickets for Law Revue 2012: Lying King
Message follows:
Expired booking number 5349.
User Irene Susanto with 1 seats expired for performance 2012-08-30: Third Night
The deadline was at 2012-08-25 11:50:48

Emailing...
To: NGOCT91@GMAIL.COM
Subject: Expired Tickets for Law Revue 2012: Lying King
Message follows:
Expired booking number 5350.
User Ngoc Tran with 1 seats expired for performance 2012-08-29: Second Night
The deadline was at 2012-08-25 12:26:13

Emailing...
To: H.YU.TING.NG@GMAIL.COM
Subject: Expired Tickets for Law Revue 2012: Lying King
Message follows:
Expired booking number 5360.
User Yu Ng with 3 seats expired for performance 2012-08-28: Opening Night
The deadline was at 2012-08-26 00:54:34

Emailing...
To: VONJEH@GMAIL.COM
Subject: Expired Tickets for Law Revue 2012: Lying King
Message follows:
Expired booking number 5365.
User Yvonne Young with 22 seats expired for performance 2012-08-30: Third Night
The deadline was at 2012-08-26 14:09:44

Emailing...
To: FELICIA.ASMIN@YAHOO.COM
Subject: Expired Tickets for Law Revue 2012: Lying King
Message follows:
Expired booking number 5372.
User Felicia Asmin with 5 seats expired for performance 2012-08-30: Third Night
The deadline was at 2012-08-26 18:37:04

Emailing...
To: VIDHYA_KARNA@HOTMAIL.COM
Subject: Expired Tickets for Law Revue 2012: Lying King
Message follows:
Expired booking number 5373.
User Vidhya Karnamadakala with 1 seats expired for performance 2012-08-31: Final Night
The deadline was at 2012-08-26 19:58:24

Emailing...
To: MANORAJ1990@HOTMAIL.COM
Subject: Expired Tickets for Law Revue 2012: Lying King
Message follows:
Expired booking number 5376.
User Mano Karthigeyan with 2 seats expired for performance 2012-08-28: Opening Night
The deadline was at 2012-08-26 21:28:09

Emailing...
To: RAZORICE@GMAIL.COM
Subject: Expired Tickets for CSE Revue 2012: Codebusters
Message follows:
Expired booking number 5379.
User Dan Padilha with 14 seats expired for performance 2012-09-25: Opening Night
The deadline was at 2012-08-26 14:00:00

Emailing...
To: MARIE@MARIECASSAR.COM
Subject: Expired Tickets for Law Revue 2012: Lying King
Message follows:
Expired booking number 5284.
User Marie Cassar with 2 seats expired for performance 2012-08-29: Second Night
The deadline was at 2012-08-23 17:17:54

Emailing...
To: DYLANWEISZ123@HOTMAIL.COM
Subject: Expired Tickets for Law Revue 2012: Lying King
Message follows:
Expired booking number 5288.
User Dylan Weisz with 1 seats expired for performance 2012-08-30: Third Night
The deadline was at 2012-08-23 19:34:27

Emailing...
To: SEEMY.HO@GMAIL.COM
Subject: Expired Tickets for Law Revue 2012: Lying King
Message follows:
Expired booking number 5289.
User Samantha Ho with 15 seats expired for performance 2012-08-28: Opening Night
The deadline was at 2012-08-23 20:27:00

Emailing...
To: SEEMY.HO@GMAIL.COM
Subject: Expired Tickets for Law Revue 2012: Lying King
Message follows:
Expired booking number 5293.
User Samantha Ho with 42 seats expired for performance 2012-08-30: Third Night
The deadline was at 2012-08-24 01:35:57

Emailing...
To: RAZEEN.AHMED@GMAIL.COM
Subject: Expired Tickets for Law Revue 2012: Lying King
Message follows:
Expired booking number 5298.
User Raz Ahmed with 14 seats expired for performance 2012-08-28: Opening Night
The deadline was at 2012-08-24 12:11:43

Emailing...
To: MRITHULA.SHANKER@GMAIL.COM
Subject: Expired Tickets for Law Revue 2012: Lying King
Message follows:
Expired booking number 5299.
User Mrith Shanker with 12 seats expired for performance 2012-08-30: Third Night
The deadline was at 2012-08-24 12:13:47

Emailing...
To: TAN.MINAN@GMAIL.COM
Subject: Expired Tickets for Law Revue 2012: Lying King
Message follows:
Expired booking number 5303.
User Min an with 17 seats expired for performance 2012-08-30: Third Night
The deadline was at 0000-00-00 00:00:00

Emailing...
To: SOPHIA@INTEGRATOS.COM.AU
Subject: Expired Tickets for Law Revue 2012: Lying King
Message follows:
Expired booking number 5307.
User Sophia  Hatzis with 3 seats expired for performance 2012-08-30: Third Night
The deadline was at 2012-08-24 13:46:06

Emailing...
To: SOPHIA@INTEGRATOS.COM.AU
Subject: Expired Tickets for Law Revue 2012: Lying King
Message follows:
Expired booking number 5309.
User Sophia  Hatzis with 3 seats expired for performance 2012-08-28: Opening Night
The deadline was at 2012-08-24 13:47:52

Emailing...
To: DDWATT@OPTUSNET.COM.AU
Subject: Expired Tickets for Law Revue 2012: Lying King
Message follows:
Expired booking number 5335.
User David Watters with 2 seats expired for performance 2012-08-31: Final Night
The deadline was at 2012-08-24 16:47:29

Emailing...
To: MS@SECURUSGLOBAL.COM
Subject: Expired Tickets for Law Revue 2012: Lying King
Message follows:
Expired booking number 5338.
User Matthew Strahan with 2 seats expired for performance 2012-08-31: Final Night
The deadline was at 2012-08-24 17:09:10

Emailing...
To: PINKYABIZZZ_IRENE@HOTMAIL.COM
Subject: Expired Tickets for Law Revue 2012: Lying King
Message follows:
Expired booking number 5349.
User Irene Susanto with 1 seats expired for performance 2012-08-30: Third Night
The deadline was at 2012-08-25 11:50:48

Emailing...
To: NGOCT91@GMAIL.COM
Subject: Expired Tickets for Law Revue 2012: Lying King
Message follows:
Expired booking number 5350.
User Ngoc Tran with 1 seats expired for performance 2012-08-29: Second Night
The deadline was at 2012-08-25 12:26:13

Emailing...
To: H.YU.TING.NG@GMAIL.COM
Subject: Expired Tickets for Law Revue 2012: Lying King
Message follows:
Expired booking number 5360.
User Yu Ng with 3 seats expired for performance 2012-08-28: Opening Night
The deadline was at 2012-08-26 00:54:34

Emailing...
To: VONJEH@GMAIL.COM
Subject: Expired Tickets for Law Revue 2012: Lying King
Message follows:
Expired booking number 5365.
User Yvonne Young with 22 seats expired for performance 2012-08-30: Third Night
The deadline was at 2012-08-26 14:09:44

Emailing...
To: FELICIA.ASMIN@YAHOO.COM
Subject: Expired Tickets for Law Revue 2012: Lying King
Message follows:
Expired booking number 5372.
User Felicia Asmin with 5 seats expired for performance 2012-08-30: Third Night
The deadline was at 2012-08-26 18:37:04

Emailing...
To: VIDHYA_KARNA@HOTMAIL.COM
Subject: Expired Tickets for Law Revue 2012: Lying King
Message follows:
Expired booking number 5373.
User Vidhya Karnamadakala with 1 seats expired for performance 2012-08-31: Final Night
The deadline was at 2012-08-26 19:58:24

Emailing...
To: MANORAJ1990@HOTMAIL.COM
Subject: Expired Tickets for Law Revue 2012: Lying King
Message follows:
Expired booking number 5376.
User Mano Karthigeyan with 2 seats expired for performance 2012-08-28: Opening Night
The deadline was at 2012-08-26 21:28:09

Emailing...
To: RAZORICE@GMAIL.COM
Subject: Expired Tickets for CSE Revue 2012: Codebusters
Message follows:
Expired booking number 5379.
User Dan Padilha with 14 seats expired for performance 2012-09-25: Opening Night
The deadline was at 2012-08-26 14:00:00

Emailing...
To: RAZORICE@GMAIL.COM
Subject: Expired Tickets for CSE Revue 2012: Codebusters
Message follows:
Expired booking number 5379.
User Dan Padilha with 14 seats expired for performance 2012-09-25: Opening Night
The deadline was at 2012-08-26 14:00:00

Emailing...
To: MARIE@MARIECASSAR.COM
Subject: Expired Tickets for Law Revue 2012: Lying King
Message follows:
Expired booking number 5284.
User Marie Cassar with 2 seats expired for performance 2012-08-29: Second Night
The deadline was at 2012-08-23 17:17:54

Emailing...
To: DYLANWEISZ123@HOTMAIL.COM
Subject: Expired Tickets for Law Revue 2012: Lying King
Message follows:
Expired booking number 5288.
User Dylan Weisz with 1 seats expired for performance 2012-08-30: Third Night
The deadline was at 2012-08-23 19:34:27

Emailing...
To: SEEMY.HO@GMAIL.COM
Subject: Expired Tickets for Law Revue 2012: Lying King
Message follows:
Expired booking number 5289.
User Samantha Ho with 15 seats expired for performance 2012-08-28: Opening Night
The deadline was at 2012-08-23 20:27:00

Emailing...
To: SEEMY.HO@GMAIL.COM
Subject: Expired Tickets for Law Revue 2012: Lying King
Message follows:
Expired booking number 5293.
User Samantha Ho with 42 seats expired for performance 2012-08-30: Third Night
The deadline was at 2012-08-24 01:35:57

Emailing...
To: RAZEEN.AHMED@GMAIL.COM
Subject: Expired Tickets for Law Revue 2012: Lying King
Message follows:
Expired booking number 5298.
User Raz Ahmed with 14 seats expired for performance 2012-08-28: Opening Night
The deadline was at 2012-08-24 12:11:43

Emailing...
To: MRITHULA.SHANKER@GMAIL.COM
Subject: Expired Tickets for Law Revue 2012: Lying King
Message follows:
Expired booking number 5299.
User Mrith Shanker with 12 seats expired for performance 2012-08-30: Third Night
The deadline was at 2012-08-24 12:13:47

Emailing...
To: TAN.MINAN@GMAIL.COM
Subject: Expired Tickets for Law Revue 2012: Lying King
Message follows:
Expired booking number 5303.
User Min an with 17 seats expired for performance 2012-08-30: Third Night
The deadline was at 0000-00-00 00:00:00

Emailing...
To: SOPHIA@INTEGRATOS.COM.AU
Subject: Expired Tickets for Law Revue 2012: Lying King
Message follows:
Expired booking number 5307.
User Sophia  Hatzis with 3 seats expired for performance 2012-08-30: Third Night
The deadline was at 2012-08-24 13:46:06

Emailing...
To: SOPHIA@INTEGRATOS.COM.AU
Subject: Expired Tickets for Law Revue 2012: Lying King
Message follows:
Expired booking number 5309.
User Sophia  Hatzis with 3 seats expired for performance 2012-08-28: Opening Night
The deadline was at 2012-08-24 13:47:52

Emailing...
To: DDWATT@OPTUSNET.COM.AU
Subject: Expired Tickets for Law Revue 2012: Lying King
Message follows:
Expired booking number 5335.
User David Watters with 2 seats expired for performance 2012-08-31: Final Night
The deadline was at 2012-08-24 16:47:29

Emailing...
To: MS@SECURUSGLOBAL.COM
Subject: Expired Tickets for Law Revue 2012: Lying King
Message follows:
Expired booking number 5338.
User Matthew Strahan with 2 seats expired for performance 2012-08-31: Final Night
The deadline was at 2012-08-24 17:09:10

Emailing...
To: PINKYABIZZZ_IRENE@HOTMAIL.COM
Subject: Expired Tickets for Law Revue 2012: Lying King
Message follows:
Expired booking number 5349.
User Irene Susanto with 1 seats expired for performance 2012-08-30: Third Night
The deadline was at 2012-08-25 11:50:48

Emailing...
To: NGOCT91@GMAIL.COM
Subject: Expired Tickets for Law Revue 2012: Lying King
Message follows:
Expired booking number 5350.
User Ngoc Tran with 1 seats expired for performance 2012-08-29: Second Night
The deadline was at 2012-08-25 12:26:13

Emailing...
To: H.YU.TING.NG@GMAIL.COM
Subject: Expired Tickets for Law Revue 2012: Lying King
Message follows:
Expired booking number 5360.
User Yu Ng with 3 seats expired for performance 2012-08-28: Opening Night
The deadline was at 2012-08-26 00:54:34

Emailing...
To: VONJEH@GMAIL.COM
Subject: Expired Tickets for Law Revue 2012: Lying King
Message follows:
Expired booking number 5365.
User Yvonne Young with 22 seats expired for performance 2012-08-30: Third Night
The deadline was at 2012-08-26 14:09:44

Emailing...
To: FELICIA.ASMIN@YAHOO.COM
Subject: Expired Tickets for Law Revue 2012: Lying King
Message follows:
Expired booking number 5372.
User Felicia Asmin with 5 seats expired for performance 2012-08-30: Third Night
The deadline was at 2012-08-26 18:37:04

Emailing...
To: VIDHYA_KARNA@HOTMAIL.COM
Subject: Expired Tickets for Law Revue 2012: Lying King
Message follows:
Expired booking number 5373.
User Vidhya Karnamadakala with 1 seats expired for performance 2012-08-31: Final Night
The deadline was at 2012-08-26 19:58:24

Emailing...
To: MANORAJ1990@HOTMAIL.COM
Subject: Expired Tickets for Law Revue 2012: Lying King
Message follows:
Expired booking number 5376.
User Mano Karthigeyan with 2 seats expired for performance 2012-08-28: Opening Night
The deadline was at 2012-08-26 21:28:09

Emailing...
To: RAZORICE@GMAIL.COM
Subject: Expired Tickets for CSE Revue 2012: Codebusters
Message follows:
Expired booking number 5379.
User Dan Padilha with 14 seats expired for performance 2012-09-25: Opening Night
The deadline was at 2012-08-26 14:00:00

